0 silly argv {
0 silly argv   _: [ 'bootstrap' ],
0 silly argv   lernaVersion: '4.0.0',
0 silly argv   '$0': '/var/folders/6q/pb65yb8n1klgdqp20sp0xtg80000gp/T/fnm_multishells/83292_1638929441802/bin/lerna'
0 silly argv }
1 notice cli v4.0.0
2 verbose rootPath /Users/ken/Sandbox/dorobo
3 info versioning independent
4 error JSONError: Unexpected token "t" (0x74) in JSON at position 557 while parsing near "...\"autoprefixer\": \"^9\"t,\n    \"craco\": \"^0...." in packages/web/package.json
4 error
4 error [0m [90m 20 |[39m     [32m"@types/react"[39m[33m:[39m [32m"^17.0.0"[39m[33m,[39m[0m
4 error [0m [90m 21 |[39m     [32m"@types/react-dom"[39m[33m:[39m [32m"^17.0.0"[39m[33m,[39m[0m
4 error [0m[31m[1m>[22m[39m[90m 22 |[39m     [32m"autoprefixer"[39m[33m:[39m [32m"^9"[39mt[33m,[39m[0m
4 error [0m [90m    |[39m                         [31m[1m^[22m[39m[0m
4 error [0m [90m 23 |[39m     [32m"craco"[39m[33m:[39m [32m"^0.0.3"[39m[33m,[39m[0m
4 error [0m [90m 24 |[39m     [32m"craco-alias"[39m[33m:[39m [32m"^3.0.1"[39m[33m,[39m[0m
4 error [0m [90m 25 |[39m     [32m"react-scripts"[39m[33m:[39m [32m"4.0.3"[39m[33m,[39m[0m
4 error
4 error     at parseJson (/Users/ken/Sandbox/dorobo/node_modules/parse-json/index.js:29:21)
4 error     at parse (/Users/ken/Sandbox/dorobo/node_modules/load-json-file/index.js:15:9)
4 error     at module.exports (/Users/ken/Sandbox/dorobo/node_modules/load-json-file/index.js:18:47)
